INFO 2023-10-22 19:58:15,036 autoreload 16000 10876Watching for file changes with StatReloader
INFO 2023-10-22 19:58:32,100 basehttp 16000 7488"GET / HTTP/1.1" 200 588
INFO 2023-10-22 19:58:32,225 basehttp 16000 7488"GET /static/css/style.css HTTP/1.1" 200 1906
INFO 2023-10-22 19:58:34,896 basehttp 16000 7488"GET /clients/ HTTP/1.1" 200 931
INFO 2023-10-22 19:58:36,929 basehttp 16000 7488"GET /clients/1/ HTTP/1.1" 200 1325
ERROR 2023-10-22 19:58:39,861 log 16000 7488Internal Server Error: /clients/1/orders/
Traceback (most recent call last):
  File "C:\Users\tosya\Documents\Django\.venv\lib\site-packages\django\template\base.py", line 880, in _resolve_lookup
    current = current[bit]
TypeError: 'Order' object is not subscriptable

During handling of the above exception, another exception occurred:

Traceback (most recent call last):
  File "C:\Users\tosya\Documents\Django\.venv\lib\site-packages\django\core\handlers\exception.py", line 55, in inner
    response = get_response(request)
  File "C:\Users\tosya\Documents\Django\.venv\lib\site-packages\django\core\handlers\base.py", line 197, in _get_response
    response = wrapped_callback(request, *callback_args, **callback_kwargs)
  File "C:\Users\tosya\Documents\Django\homework\hw2app\views.py", line 52, in orders_by_client_id
    return render(
  File "C:\Users\tosya\Documents\Django\.venv\lib\site-packages\django\shortcuts.py", line 24, in render
    content = loader.render_to_string(template_name, context, request, using=using)
  File "C:\Users\tosya\Documents\Django\.venv\lib\site-packages\django\template\loader.py", line 62, in render_to_string
    return template.render(context, request)
  File "C:\Users\tosya\Documents\Django\.venv\lib\site-packages\django\template\backends\django.py", line 61, in render
    return self.template.render(context)
  File "C:\Users\tosya\Documents\Django\.venv\lib\site-packages\django\template\base.py", line 175, in render
    return self._render(context)
  File "C:\Users\tosya\Documents\Django\.venv\lib\site-packages\django\template\base.py", line 167, in _render
    return self.nodelist.render(context)
  File "C:\Users\tosya\Documents\Django\.venv\lib\site-packages\django\template\base.py", line 1005, in render
    return SafeString("".join([node.render_annotated(context) for node in self]))
  File "C:\Users\tosya\Documents\Django\.venv\lib\site-packages\django\template\base.py", line 1005, in <listcomp>
    return SafeString("".join([node.render_annotated(context) for node in self]))
  File "C:\Users\tosya\Documents\Django\.venv\lib\site-packages\django\template\base.py", line 966, in render_annotated
    return self.render(context)
  File "C:\Users\tosya\Documents\Django\.venv\lib\site-packages\django\template\loader_tags.py", line 157, in render
    return compiled_parent._render(context)
  File "C:\Users\tosya\Documents\Django\.venv\lib\site-packages\django\template\base.py", line 167, in _render
    return self.nodelist.render(context)
  File "C:\Users\tosya\Documents\Django\.venv\lib\site-packages\django\template\base.py", line 1005, in render
    return SafeString("".join([node.render_annotated(context) for node in self]))
  File "C:\Users\tosya\Documents\Django\.venv\lib\site-packages\django\template\base.py", line 1005, in <listcomp>
    return SafeString("".join([node.render_annotated(context) for node in self]))
  File "C:\Users\tosya\Documents\Django\.venv\lib\site-packages\django\template\base.py", line 966, in render_annotated
    return self.render(context)
  File "C:\Users\tosya\Documents\Django\.venv\lib\site-packages\django\template\loader_tags.py", line 63, in render
    result = block.nodelist.render(context)
  File "C:\Users\tosya\Documents\Django\.venv\lib\site-packages\django\template\base.py", line 1005, in render
    return SafeString("".join([node.render_annotated(context) for node in self]))
  File "C:\Users\tosya\Documents\Django\.venv\lib\site-packages\django\template\base.py", line 1005, in <listcomp>
    return SafeString("".join([node.render_annotated(context) for node in self]))
  File "C:\Users\tosya\Documents\Django\.venv\lib\site-packages\django\template\base.py", line 966, in render_annotated
    return self.render(context)
  File "C:\Users\tosya\Documents\Django\.venv\lib\site-packages\django\template\defaulttags.py", line 238, in render
    nodelist.append(node.render_annotated(context))
  File "C:\Users\tosya\Documents\Django\.venv\lib\site-packages\django\template\base.py", line 966, in render_annotated
    return self.render(context)
  File "C:\Users\tosya\Documents\Django\.venv\lib\site-packages\django\template\base.py", line 1064, in render
    output = self.filter_expression.resolve(context)
  File "C:\Users\tosya\Documents\Django\.venv\lib\site-packages\django\template\base.py", line 715, in resolve
    obj = self.var.resolve(context)
  File "C:\Users\tosya\Documents\Django\.venv\lib\site-packages\django\template\base.py", line 847, in resolve
    value = self._resolve_lookup(context)
  File "C:\Users\tosya\Documents\Django\.venv\lib\site-packages\django\template\base.py", line 890, in _resolve_lookup
    current = getattr(current, bit)
  File "C:\Users\tosya\Documents\Django\homework\hw2app\models.py", line 51, in total_price
    self.total_price = sum(product.price for product in products)
AttributeError: can't set attribute 'total_price'
ERROR 2023-10-22 19:58:39,894 basehttp 16000 7488"GET /clients/1/orders/ HTTP/1.1" 500 178681
INFO 2023-10-22 19:59:54,437 autoreload 16000 10876C:\Users\tosya\Documents\Django\homework\hw2app\models.py changed, reloading.
INFO 2023-10-22 19:59:55,369 autoreload 8188 2192Watching for file changes with StatReloader
INFO 2023-10-22 20:00:07,399 autoreload 8188 2192C:\Users\tosya\Documents\Django\homework\hw2app\models.py changed, reloading.
INFO 2023-10-22 20:00:08,442 autoreload 4304 7680Watching for file changes with StatReloader
INFO 2023-10-22 20:01:36,547 autoreload 372 1060Watching for file changes with StatReloader
INFO 2023-10-22 20:01:56,515 autoreload 372 1060C:\Users\tosya\Documents\Django\homework\hw2app\models.py changed, reloading.
INFO 2023-10-22 20:01:57,471 autoreload 10436 3620Watching for file changes with StatReloader
ERROR 2023-10-22 20:02:46,635 log 10436 15964Internal Server Error: /clients/1/orders/
Traceback (most recent call last):
  File "C:\Users\tosya\Documents\Django\.venv\lib\site-packages\django\template\base.py", line 880, in _resolve_lookup
    current = current[bit]
TypeError: 'Order' object is not subscriptable

During handling of the above exception, another exception occurred:

Traceback (most recent call last):
  File "C:\Users\tosya\Documents\Django\.venv\lib\site-packages\django\core\handlers\exception.py", line 55, in inner
    response = get_response(request)
  File "C:\Users\tosya\Documents\Django\.venv\lib\site-packages\django\core\handlers\base.py", line 197, in _get_response
    response = wrapped_callback(request, *callback_args, **callback_kwargs)
  File "C:\Users\tosya\Documents\Django\homework\hw2app\views.py", line 52, in orders_by_client_id
    return render(
  File "C:\Users\tosya\Documents\Django\.venv\lib\site-packages\django\shortcuts.py", line 24, in render
    content = loader.render_to_string(template_name, context, request, using=using)
  File "C:\Users\tosya\Documents\Django\.venv\lib\site-packages\django\template\loader.py", line 62, in render_to_string
    return template.render(context, request)
  File "C:\Users\tosya\Documents\Django\.venv\lib\site-packages\django\template\backends\django.py", line 61, in render
    return self.template.render(context)
  File "C:\Users\tosya\Documents\Django\.venv\lib\site-packages\django\template\base.py", line 175, in render
    return self._render(context)
  File "C:\Users\tosya\Documents\Django\.venv\lib\site-packages\django\template\base.py", line 167, in _render
    return self.nodelist.render(context)
  File "C:\Users\tosya\Documents\Django\.venv\lib\site-packages\django\template\base.py", line 1005, in render
    return SafeString("".join([node.render_annotated(context) for node in self]))
  File "C:\Users\tosya\Documents\Django\.venv\lib\site-packages\django\template\base.py", line 1005, in <listcomp>
    return SafeString("".join([node.render_annotated(context) for node in self]))
  File "C:\Users\tosya\Documents\Django\.venv\lib\site-packages\django\template\base.py", line 966, in render_annotated
    return self.render(context)
  File "C:\Users\tosya\Documents\Django\.venv\lib\site-packages\django\template\loader_tags.py", line 157, in render
    return compiled_parent._render(context)
  File "C:\Users\tosya\Documents\Django\.venv\lib\site-packages\django\template\base.py", line 167, in _render
    return self.nodelist.render(context)
  File "C:\Users\tosya\Documents\Django\.venv\lib\site-packages\django\template\base.py", line 1005, in render
    return SafeString("".join([node.render_annotated(context) for node in self]))
  File "C:\Users\tosya\Documents\Django\.venv\lib\site-packages\django\template\base.py", line 1005, in <listcomp>
    return SafeString("".join([node.render_annotated(context) for node in self]))
  File "C:\Users\tosya\Documents\Django\.venv\lib\site-packages\django\template\base.py", line 966, in render_annotated
    return self.render(context)
  File "C:\Users\tosya\Documents\Django\.venv\lib\site-packages\django\template\loader_tags.py", line 63, in render
    result = block.nodelist.render(context)
  File "C:\Users\tosya\Documents\Django\.venv\lib\site-packages\django\template\base.py", line 1005, in render
    return SafeString("".join([node.render_annotated(context) for node in self]))
  File "C:\Users\tosya\Documents\Django\.venv\lib\site-packages\django\template\base.py", line 1005, in <listcomp>
    return SafeString("".join([node.render_annotated(context) for node in self]))
  File "C:\Users\tosya\Documents\Django\.venv\lib\site-packages\django\template\base.py", line 966, in render_annotated
    return self.render(context)
  File "C:\Users\tosya\Documents\Django\.venv\lib\site-packages\django\template\defaulttags.py", line 238, in render
    nodelist.append(node.render_annotated(context))
  File "C:\Users\tosya\Documents\Django\.venv\lib\site-packages\django\template\base.py", line 966, in render_annotated
    return self.render(context)
  File "C:\Users\tosya\Documents\Django\.venv\lib\site-packages\django\template\base.py", line 1064, in render
    output = self.filter_expression.resolve(context)
  File "C:\Users\tosya\Documents\Django\.venv\lib\site-packages\django\template\base.py", line 715, in resolve
    obj = self.var.resolve(context)
  File "C:\Users\tosya\Documents\Django\.venv\lib\site-packages\django\template\base.py", line 847, in resolve
    value = self._resolve_lookup(context)
  File "C:\Users\tosya\Documents\Django\.venv\lib\site-packages\django\template\base.py", line 890, in _resolve_lookup
    current = getattr(current, bit)
  File "C:\Users\tosya\Documents\Django\homework\hw2app\models.py", line 51, in total_price
    self.total_price = sum(product.price for product in products)
AttributeError: can't set attribute 'total_price'
ERROR 2023-10-22 20:02:46,643 basehttp 10436 15964"GET /clients/1/orders/ HTTP/1.1" 500 178678
INFO 2023-10-22 20:06:58,328 basehttp 10436 15964"GET /clients/ HTTP/1.1" 200 931
INFO 2023-10-22 20:06:59,997 basehttp 10436 15964"GET /clients/1/ HTTP/1.1" 200 1325
ERROR 2023-10-22 20:07:02,961 log 10436 15964Internal Server Error: /clients/1/orders/
Traceback (most recent call last):
  File "C:\Users\tosya\Documents\Django\.venv\lib\site-packages\django\template\base.py", line 880, in _resolve_lookup
    current = current[bit]
TypeError: 'Order' object is not subscriptable

During handling of the above exception, another exception occurred:

Traceback (most recent call last):
  File "C:\Users\tosya\Documents\Django\.venv\lib\site-packages\django\core\handlers\exception.py", line 55, in inner
    response = get_response(request)
  File "C:\Users\tosya\Documents\Django\.venv\lib\site-packages\django\core\handlers\base.py", line 197, in _get_response
    response = wrapped_callback(request, *callback_args, **callback_kwargs)
  File "C:\Users\tosya\Documents\Django\homework\hw2app\views.py", line 52, in orders_by_client_id
    return render(
  File "C:\Users\tosya\Documents\Django\.venv\lib\site-packages\django\shortcuts.py", line 24, in render
    content = loader.render_to_string(template_name, context, request, using=using)
  File "C:\Users\tosya\Documents\Django\.venv\lib\site-packages\django\template\loader.py", line 62, in render_to_string
    return template.render(context, request)
  File "C:\Users\tosya\Documents\Django\.venv\lib\site-packages\django\template\backends\django.py", line 61, in render
    return self.template.render(context)
  File "C:\Users\tosya\Documents\Django\.venv\lib\site-packages\django\template\base.py", line 175, in render
    return self._render(context)
  File "C:\Users\tosya\Documents\Django\.venv\lib\site-packages\django\template\base.py", line 167, in _render
    return self.nodelist.render(context)
  File "C:\Users\tosya\Documents\Django\.venv\lib\site-packages\django\template\base.py", line 1005, in render
    return SafeString("".join([node.render_annotated(context) for node in self]))
  File "C:\Users\tosya\Documents\Django\.venv\lib\site-packages\django\template\base.py", line 1005, in <listcomp>
    return SafeString("".join([node.render_annotated(context) for node in self]))
  File "C:\Users\tosya\Documents\Django\.venv\lib\site-packages\django\template\base.py", line 966, in render_annotated
    return self.render(context)
  File "C:\Users\tosya\Documents\Django\.venv\lib\site-packages\django\template\loader_tags.py", line 157, in render
    return compiled_parent._render(context)
  File "C:\Users\tosya\Documents\Django\.venv\lib\site-packages\django\template\base.py", line 167, in _render
    return self.nodelist.render(context)
  File "C:\Users\tosya\Documents\Django\.venv\lib\site-packages\django\template\base.py", line 1005, in render
    return SafeString("".join([node.render_annotated(context) for node in self]))
  File "C:\Users\tosya\Documents\Django\.venv\lib\site-packages\django\template\base.py", line 1005, in <listcomp>
    return SafeString("".join([node.render_annotated(context) for node in self]))
  File "C:\Users\tosya\Documents\Django\.venv\lib\site-packages\django\template\base.py", line 966, in render_annotated
    return self.render(context)
  File "C:\Users\tosya\Documents\Django\.venv\lib\site-packages\django\template\loader_tags.py", line 63, in render
    result = block.nodelist.render(context)
  File "C:\Users\tosya\Documents\Django\.venv\lib\site-packages\django\template\base.py", line 1005, in render
    return SafeString("".join([node.render_annotated(context) for node in self]))
  File "C:\Users\tosya\Documents\Django\.venv\lib\site-packages\django\template\base.py", line 1005, in <listcomp>
    return SafeString("".join([node.render_annotated(context) for node in self]))
  File "C:\Users\tosya\Documents\Django\.venv\lib\site-packages\django\template\base.py", line 966, in render_annotated
    return self.render(context)
  File "C:\Users\tosya\Documents\Django\.venv\lib\site-packages\django\template\defaulttags.py", line 238, in render
    nodelist.append(node.render_annotated(context))
  File "C:\Users\tosya\Documents\Django\.venv\lib\site-packages\django\template\base.py", line 966, in render_annotated
    return self.render(context)
  File "C:\Users\tosya\Documents\Django\.venv\lib\site-packages\django\template\base.py", line 1064, in render
    output = self.filter_expression.resolve(context)
  File "C:\Users\tosya\Documents\Django\.venv\lib\site-packages\django\template\base.py", line 715, in resolve
    obj = self.var.resolve(context)
  File "C:\Users\tosya\Documents\Django\.venv\lib\site-packages\django\template\base.py", line 847, in resolve
    value = self._resolve_lookup(context)
  File "C:\Users\tosya\Documents\Django\.venv\lib\site-packages\django\template\base.py", line 890, in _resolve_lookup
    current = getattr(current, bit)
  File "C:\Users\tosya\Documents\Django\homework\hw2app\models.py", line 51, in total_price
    self.total_price = sum(product.price for product in products)
AttributeError: can't set attribute 'total_price'
ERROR 2023-10-22 20:07:02,975 basehttp 10436 15964"GET /clients/1/orders/ HTTP/1.1" 500 178702
INFO 2023-10-22 20:07:54,204 autoreload 10436 3620C:\Users\tosya\Documents\Django\homework\hw2app\views.py changed, reloading.
INFO 2023-10-22 20:07:55,297 autoreload 16428 6748Watching for file changes with StatReloader
INFO 2023-10-22 20:07:56,638 autoreload 16428 6748C:\Users\tosya\Documents\Django\homework\hw2app\views.py changed, reloading.
INFO 2023-10-22 20:07:57,441 autoreload 14332 7396Watching for file changes with StatReloader
INFO 2023-10-22 20:08:02,081 autoreload 14332 7396C:\Users\tosya\Documents\Django\homework\hw2app\views.py changed, reloading.
INFO 2023-10-22 20:08:03,176 autoreload 7244 3516Watching for file changes with StatReloader
INFO 2023-10-22 20:08:05,835 autoreload 7244 3516C:\Users\tosya\Documents\Django\homework\hw2app\views.py changed, reloading.
INFO 2023-10-22 20:08:06,861 autoreload 2472 15604Watching for file changes with StatReloader
INFO 2023-10-22 20:09:47,392 autoreload 2472 15604C:\Users\tosya\Documents\Django\homework\hw2app\models.py changed, reloading.
INFO 2023-10-22 20:09:48,335 autoreload 2284 1324Watching for file changes with StatReloader
INFO 2023-10-22 20:09:51,767 autoreload 2284 1324C:\Users\tosya\Documents\Django\homework\hw2app\models.py changed, reloading.
INFO 2023-10-22 20:09:52,815 autoreload 13332 11272Watching for file changes with StatReloader
INFO 2023-10-22 20:10:14,003 basehttp 13332 13684"GET /clients/ HTTP/1.1" 200 931
INFO 2023-10-22 20:10:16,133 basehttp 13332 13684"GET /clients/1/ HTTP/1.1" 200 1325
INFO 2023-10-22 20:10:18,544 basehttp 13332 13684"GET /clients/1/orders/ HTTP/1.1" 200 1197
INFO 2023-10-22 20:10:48,103 basehttp 13332 13684"GET /clients/1/products/week/ HTTP/1.1" 200 1282
INFO 2023-10-22 20:10:53,436 basehttp 13332 13684"GET /products/1 HTTP/1.1" 200 1139
INFO 2023-10-22 20:10:57,474 basehttp 13332 13684"GET /products/1/edit/ HTTP/1.1" 200 1598
INFO 2023-10-22 20:11:01,246 basehttp 13332 13684"GET /clients/ HTTP/1.1" 200 931
INFO 2023-10-22 20:11:02,556 basehttp 13332 13684"GET /products/ HTTP/1.1" 200 1649
INFO 2023-10-22 20:11:05,190 basehttp 13332 13684"GET /products/15 HTTP/1.1" 200 1145
INFO 2023-10-22 20:11:13,361 basehttp 13332 13684"GET /clients/ HTTP/1.1" 200 931
INFO 2023-10-22 20:11:14,678 basehttp 13332 13684"GET /clients/2/ HTTP/1.1" 200 1325
INFO 2023-10-22 20:11:16,024 basehttp 13332 13684"GET /clients/2/products/month/ HTTP/1.1" 200 894
INFO 2023-10-22 20:11:24,265 basehttp 13332 13684"GET /clients/2/orders/ HTTP/1.1" 200 931
INFO 2023-10-22 20:11:51,747 autoreload 17092 9204Watching for file changes with StatReloader
INFO 2023-10-22 20:11:59,193 basehttp 17092 4768"GET /clients/ HTTP/1.1" 200 931
INFO 2023-10-22 20:12:01,410 basehttp 17092 4768"GET /clients/1/ HTTP/1.1" 200 1325
INFO 2023-10-22 20:12:02,577 basehttp 17092 4768"GET /clients/1/orders/ HTTP/1.1" 200 1517
INFO 2023-10-22 20:12:39,591 basehttp 17092 4768"GET /clients/1/orders/ HTTP/1.1" 200 1523
INFO 2023-10-22 20:13:53,417 basehttp 17092 4768"GET /clients/ HTTP/1.1" 200 931
INFO 2023-10-22 20:14:00,474 basehttp 17092 4768"GET /admin/ HTTP/1.1" 302 0
INFO 2023-10-22 20:14:00,576 basehttp 17092 4768"GET /admin/login/?next=/admin/ HTTP/1.1" 200 4267
INFO 2023-10-22 20:14:00,644 basehttp 17092 4536"GET /static/admin/css/login.css HTTP/1.1" 304 0
INFO 2023-10-22 20:14:00,857 basehttp 17092 2928"GET /static/admin/css/dark_mode.css HTTP/1.1" 200 2929
INFO 2023-10-22 20:14:00,880 basehttp 17092 4768"GET /static/admin/css/base.css HTTP/1.1" 200 21207
INFO 2023-10-22 20:14:00,961 basehttp 17092 10892"GET /static/admin/css/nav_sidebar.css HTTP/1.1" 200 2694
INFO 2023-10-22 20:14:00,972 basehttp 17092 8268"GET /static/admin/css/responsive.css HTTP/1.1" 200 18533
INFO 2023-10-22 20:14:01,047 basehttp 17092 4944"GET /static/admin/js/theme.js HTTP/1.1" 200 1943
INFO 2023-10-22 20:14:01,067 basehttp 17092 4536"GET /static/admin/js/nav_sidebar.js HTTP/1.1" 200 3063
INFO 2023-10-22 20:14:10,639 basehttp 17092 4536"POST /admin/login/?next=/admin/ HTTP/1.1" 200 4534
INFO 2023-10-22 20:14:25,416 basehttp 17092 4536"POST /admin/login/?next=/admin/ HTTP/1.1" 200 4534
INFO 2023-10-22 20:15:42,211 autoreload 4556 15860Watching for file changes with StatReloader
INFO 2023-10-22 20:15:50,511 basehttp 4556 14332"GET /admin/ HTTP/1.1" 302 0
INFO 2023-10-22 20:15:50,560 basehttp 4556 14332"GET /admin/login/?next=/admin/ HTTP/1.1" 200 4267
INFO 2023-10-22 20:15:58,966 basehttp 4556 14332"POST /admin/login/?next=/admin/ HTTP/1.1" 302 0
INFO 2023-10-22 20:15:59,023 basehttp 4556 14332"GET /admin/ HTTP/1.1" 200 7453
INFO 2023-10-22 20:15:59,048 basehttp 4556 14332"GET /static/admin/css/dashboard.css HTTP/1.1" 304 0
INFO 2023-10-22 20:15:59,063 basehttp 4556 15736"GET /static/admin/img/icon-changelink.svg HTTP/1.1" 304 0
INFO 2023-10-22 20:15:59,148 basehttp 4556 14332"GET /static/admin/img/icon-addlink.svg HTTP/1.1" 200 331
INFO 2023-10-22 20:16:10,107 basehttp 4556 14332"GET /admin/hw2app/order/ HTTP/1.1" 200 13982
INFO 2023-10-22 20:16:10,190 basehttp 4556 3916"GET /static/admin/js/core.js HTTP/1.1" 200 5682
INFO 2023-10-22 20:16:10,210 basehttp 4556 3916"GET /static/admin/css/changelists.css HTTP/1.1" 304 0
INFO 2023-10-22 20:16:10,210 basehttp 4556 5412"GET /static/admin/js/admin/RelatedObjectLookups.js HTTP/1.1" 200 8943
INFO 2023-10-22 20:16:10,210 basehttp 4556 3828"GET /static/admin/js/actions.js HTTP/1.1" 200 7872
INFO 2023-10-22 20:16:10,217 basehttp 4556 15736"GET /static/admin/js/jquery.init.js HTTP/1.1" 200 347
INFO 2023-10-22 20:16:10,256 basehttp 4556 3916"GET /static/admin/js/prepopulate.js HTTP/1.1" 200 1531
INFO 2023-10-22 20:16:10,268 basehttp 4556 3828"GET /admin/jsi18n/ HTTP/1.1" 200 16066
INFO 2023-10-22 20:16:10,272 basehttp 4556 15600"GET /static/admin/js/urlify.js HTTP/1.1" 200 7887
INFO 2023-10-22 20:16:10,272 basehttp 4556 15736"GET /static/admin/img/search.svg HTTP/1.1" 200 458
INFO 2023-10-22 20:16:10,292 basehttp 4556 14332"GET /static/admin/js/vendor/jquery/jquery.js HTTP/1.1" 200 292458
INFO 2023-10-22 20:16:10,317 basehttp 4556 14332"GET /static/admin/js/filters.js HTTP/1.1" 200 978
INFO 2023-10-22 20:16:10,342 basehttp 4556 5412"GET /static/admin/js/vendor/xregexp/xregexp.js HTTP/1.1" 200 232381
INFO 2023-10-22 20:16:10,396 basehttp 4556 5412"GET /static/admin/img/tooltag-add.svg HTTP/1.1" 200 331
INFO 2023-10-22 20:16:21,275 basehttp 4556 5412"GET /admin/hw2app/order/add/ HTTP/1.1" 200 12909
INFO 2023-10-22 20:16:21,314 basehttp 4556 5412"GET /static/admin/css/forms.css HTTP/1.1" 304 0
INFO 2023-10-22 20:16:21,316 basehttp 4556 15600"GET /static/admin/img/icon-viewlink.svg HTTP/1.1" 304 0
INFO 2023-10-22 20:16:21,320 basehttp 4556 14332"GET /admin/jsi18n/ HTTP/1.1" 200 16066
INFO 2023-10-22 20:16:21,340 basehttp 4556 15736"GET /static/admin/js/prepopulate_init.js HTTP/1.1" 200 586
INFO 2023-10-22 20:16:21,348 basehttp 4556 15736"GET /static/admin/js/change_form.js HTTP/1.1" 304 0
INFO 2023-10-22 20:16:21,348 basehttp 4556 15600"GET /static/admin/css/widgets.css HTTP/1.1" 200 11900
INFO 2023-10-22 20:16:33,404 basehttp 4556 15600"POST /admin/hw2app/order/add/ HTTP/1.1" 302 0
INFO 2023-10-22 20:16:33,449 basehttp 4556 15600"GET /admin/hw2app/order/ HTTP/1.1" 200 14676
INFO 2023-10-22 20:16:33,489 basehttp 4556 15600"GET /admin/jsi18n/ HTTP/1.1" 200 16066
INFO 2023-10-22 20:16:33,522 basehttp 4556 15600"GET /static/admin/img/icon-yes.svg HTTP/1.1" 304 0
INFO 2023-10-22 20:16:47,358 basehttp 4556 15600"GET /admin/hw2app/client/ HTTP/1.1" 200 14046
INFO 2023-10-22 20:16:47,391 basehttp 4556 15600"GET /admin/jsi18n/ HTTP/1.1" 200 16066
INFO 2023-10-22 20:16:47,424 basehttp 4556 15600"GET /static/admin/img/sorting-icons.svg HTTP/1.1" 200 1097
INFO 2023-10-22 20:16:48,535 basehttp 4556 15600"GET /admin/hw2app/order/ HTTP/1.1" 200 14397
INFO 2023-10-22 20:16:48,572 basehttp 4556 15600"GET /admin/jsi18n/ HTTP/1.1" 200 16066
INFO 2023-10-22 20:16:56,673 basehttp 4556 15600"GET / HTTP/1.1" 200 588
INFO 2023-10-22 20:16:58,706 basehttp 4556 15600"GET /clients/ HTTP/1.1" 200 931
INFO 2023-10-22 20:16:59,790 basehttp 4556 15600"GET /clients/2/ HTTP/1.1" 200 1325
INFO 2023-10-22 20:17:01,462 basehttp 4556 15600"GET /clients/2/orders/ HTTP/1.1" 200 1393
INFO 2023-10-22 20:17:20,170 basehttp 4556 15600"GET /admin/ HTTP/1.1" 200 7837
INFO 2023-10-22 20:17:22,697 basehttp 4556 15600"GET /admin/hw2app/order/ HTTP/1.1" 200 14397
INFO 2023-10-22 20:17:22,748 basehttp 4556 15600"GET /admin/jsi18n/ HTTP/1.1" 200 16066
INFO 2023-10-22 20:17:55,510 autoreload 4556 15860C:\Users\tosya\Documents\Django\homework\hw2app\admin.py changed, reloading.
INFO 2023-10-22 20:17:56,426 autoreload 13152 14624Watching for file changes with StatReloader
INFO 2023-10-22 20:18:00,482 basehttp 13152 17204"GET /admin/hw2app/order/ HTTP/1.1" 200 14812
INFO 2023-10-22 20:18:00,529 basehttp 13152 17204"GET /admin/jsi18n/ HTTP/1.1" 200 16066
INFO 2023-10-22 20:18:10,826 autoreload 13152 14624C:\Users\tosya\Documents\Django\homework\hw2app\admin.py changed, reloading.
INFO 2023-10-22 20:18:11,835 autoreload 15332 9872Watching for file changes with StatReloader
INFO 2023-10-22 20:18:13,475 autoreload 15332 9872C:\Users\tosya\Documents\Django\homework\hw2app\admin.py changed, reloading.
INFO 2023-10-22 20:18:14,376 autoreload 14612 16484Watching for file changes with StatReloader
INFO 2023-10-22 20:18:16,036 autoreload 14612 16484C:\Users\tosya\Documents\Django\homework\hw2app\admin.py changed, reloading.
INFO 2023-10-22 20:18:16,933 autoreload 15668 14244Watching for file changes with StatReloader
INFO 2023-10-22 20:18:18,532 autoreload 15668 14244C:\Users\tosya\Documents\Django\homework\hw2app\admin.py changed, reloading.
INFO 2023-10-22 20:18:19,418 autoreload 7492 304Watching for file changes with StatReloader
INFO 2023-10-22 20:18:28,338 autoreload 7492 304C:\Users\tosya\Documents\Django\homework\hw2app\admin.py changed, reloading.
INFO 2023-10-22 20:18:29,318 autoreload 11164 15016Watching for file changes with StatReloader
INFO 2023-10-22 20:18:31,109 autoreload 11164 15016C:\Users\tosya\Documents\Django\homework\hw2app\admin.py changed, reloading.
INFO 2023-10-22 20:18:32,062 autoreload 3340 10688Watching for file changes with StatReloader
INFO 2023-10-22 20:18:35,756 autoreload 3340 10688C:\Users\tosya\Documents\Django\homework\hw2app\admin.py changed, reloading.
INFO 2023-10-22 20:18:36,859 autoreload 11096 10724Watching for file changes with StatReloader
INFO 2023-10-22 20:18:38,443 autoreload 11096 10724C:\Users\tosya\Documents\Django\homework\hw2app\admin.py changed, reloading.
INFO 2023-10-22 20:18:39,338 autoreload 6316 6744Watching for file changes with StatReloader
INFO 2023-10-22 20:19:03,769 autoreload 6316 6744C:\Users\tosya\Documents\Django\homework\hw2app\admin.py changed, reloading.
INFO 2023-10-22 20:19:04,629 autoreload 8080 1060Watching for file changes with StatReloader
ERROR 2023-10-22 20:19:09,636 log 8080 10944Internal Server Error: /admin/hw2app/order/
Traceback (most recent call last):
  File "C:\Users\tosya\Documents\Django\.venv\lib\site-packages\django\core\handlers\exception.py", line 55, in inner
    response = get_response(request)
  File "C:\Users\tosya\Documents\Django\.venv\lib\site-packages\django\core\handlers\base.py", line 197, in _get_response
    response = wrapped_callback(request, *callback_args, **callback_kwargs)
  File "C:\Users\tosya\Documents\Django\.venv\lib\site-packages\django\contrib\admin\options.py", line 688, in wrapper
    return self.admin_site.admin_view(view)(*args, **kwargs)
  File "C:\Users\tosya\Documents\Django\.venv\lib\site-packages\django\utils\decorators.py", line 134, in _wrapper_view
    response = view_func(request, *args, **kwargs)
  File "C:\Users\tosya\Documents\Django\.venv\lib\site-packages\django\views\decorators\cache.py", line 62, in _wrapper_view_func
    response = view_func(request, *args, **kwargs)
  File "C:\Users\tosya\Documents\Django\.venv\lib\site-packages\django\contrib\admin\sites.py", line 242, in inner
    return view(request, *args, **kwargs)
  File "C:\Users\tosya\Documents\Django\.venv\lib\site-packages\django\utils\decorators.py", line 46, in _wrapper
    return bound_method(*args, **kwargs)
  File "C:\Users\tosya\Documents\Django\.venv\lib\site-packages\django\utils\decorators.py", line 134, in _wrapper_view
    response = view_func(request, *args, **kwargs)
  File "C:\Users\tosya\Documents\Django\.venv\lib\site-packages\django\contrib\admin\options.py", line 1926, in changelist_view
    cl = self.get_changelist_instance(request)
  File "C:\Users\tosya\Documents\Django\.venv\lib\site-packages\django\contrib\admin\options.py", line 836, in get_changelist_instance
    return ChangeList(
  File "C:\Users\tosya\Documents\Django\.venv\lib\site-packages\django\contrib\admin\views\main.py", line 77, in __init__
    self.root_queryset = model_admin.get_queryset(request)
  File "C:\Users\tosya\Documents\Django\.venv\lib\site-packages\django\contrib\admin\options.py", line 421, in get_queryset
    qs = qs.order_by(*ordering)
  File "C:\Users\tosya\Documents\Django\.venv\lib\site-packages\django\db\models\query.py", line 1659, in order_by
    obj.query.add_ordering(*field_names)
  File "C:\Users\tosya\Documents\Django\.venv\lib\site-packages\django\db\models\sql\query.py", line 2221, in add_ordering
    self.names_to_path(item.split(LOOKUP_SEP), self.model._meta)
  File "C:\Users\tosya\Documents\Django\.venv\lib\site-packages\django\db\models\sql\query.py", line 1724, in names_to_path
    raise FieldError(
django.core.exceptions.FieldError: Cannot resolve keyword 'order' into field. Choices are: client, client_id, date_ordered, id, products
ERROR 2023-10-22 20:19:09,647 basehttp 8080 10944"GET /admin/hw2app/order/ HTTP/1.1" 500 128298
INFO 2023-10-22 20:19:34,567 autoreload 8080 1060C:\Users\tosya\Documents\Django\homework\hw2app\admin.py changed, reloading.
INFO 2023-10-22 20:19:35,606 autoreload 10040 14532Watching for file changes with StatReloader
INFO 2023-10-22 20:19:36,951 basehttp 10040 8004"GET /admin/hw2app/order/ HTTP/1.1" 200 14812
INFO 2023-10-22 20:19:37,005 basehttp 10040 8004"GET /admin/jsi18n/ HTTP/1.1" 200 16066
INFO 2023-10-22 20:20:03,275 autoreload 10040 14532C:\Users\tosya\Documents\Django\homework\hw2app\models.py changed, reloading.
INFO 2023-10-22 20:20:04,263 autoreload 10324 8036Watching for file changes with StatReloader
INFO 2023-10-22 20:20:07,715 autoreload 10324 8036C:\Users\tosya\Documents\Django\homework\hw2app\models.py changed, reloading.
INFO 2023-10-22 20:20:08,635 autoreload 6372 13884Watching for file changes with StatReloader
INFO 2023-10-22 20:20:18,278 autoreload 6372 13884C:\Users\tosya\Documents\Django\homework\hw2app\models.py changed, reloading.
INFO 2023-10-22 20:20:19,135 autoreload 1448 10976Watching for file changes with StatReloader
INFO 2023-10-22 20:20:22,546 autoreload 1448 10976C:\Users\tosya\Documents\Django\homework\hw2app\models.py changed, reloading.
INFO 2023-10-22 20:20:23,455 autoreload 1016 8860Watching for file changes with StatReloader
INFO 2023-10-22 20:20:25,851 autoreload 1016 8860C:\Users\tosya\Documents\Django\homework\hw2app\models.py changed, reloading.
INFO 2023-10-22 20:20:26,777 autoreload 8260 10260Watching for file changes with StatReloader
INFO 2023-10-22 20:20:31,277 autoreload 8260 10260C:\Users\tosya\Documents\Django\homework\hw2app\models.py changed, reloading.
INFO 2023-10-22 20:20:32,261 autoreload 7592 15612Watching for file changes with StatReloader
INFO 2023-10-22 20:20:35,695 autoreload 7592 15612C:\Users\tosya\Documents\Django\homework\hw2app\models.py changed, reloading.
INFO 2023-10-22 20:20:36,625 autoreload 16924 13240Watching for file changes with StatReloader
INFO 2023-10-22 20:20:38,006 autoreload 16924 13240C:\Users\tosya\Documents\Django\homework\hw2app\models.py changed, reloading.
INFO 2023-10-22 20:20:38,943 autoreload 2696 6148Watching for file changes with StatReloader
INFO 2023-10-22 20:20:47,552 autoreload 2696 6148C:\Users\tosya\Documents\Django\homework\hw2app\models.py changed, reloading.
INFO 2023-10-22 20:20:48,352 autoreload 16840 15116Watching for file changes with StatReloader
INFO 2023-10-22 20:20:50,784 autoreload 16840 15116C:\Users\tosya\Documents\Django\homework\hw2app\models.py changed, reloading.
INFO 2023-10-22 20:20:51,681 autoreload 14972 344Watching for file changes with StatReloader
INFO 2023-10-22 20:20:58,201 autoreload 14972 344C:\Users\tosya\Documents\Django\homework\hw2app\models.py changed, reloading.
INFO 2023-10-22 20:20:59,048 autoreload 16728 12144Watching for file changes with StatReloader
INFO 2023-10-22 20:21:07,205 basehttp 16728 16732"GET /admin/hw2app/order/ HTTP/1.1" 200 14812
INFO 2023-10-22 20:21:07,237 basehttp 16728 16732"GET /admin/jsi18n/ HTTP/1.1" 200 16066
INFO 2023-10-22 20:21:10,501 basehttp 16728 16732"GET /admin/hw2app/order/ HTTP/1.1" 200 14812
INFO 2023-10-22 20:21:10,537 basehttp 16728 16732"GET /admin/jsi18n/ HTTP/1.1" 200 16066
INFO 2023-10-22 20:21:31,115 autoreload 16728 12144C:\Users\tosya\Documents\Django\homework\hw2app\models.py changed, reloading.
INFO 2023-10-22 20:21:32,095 autoreload 6128 17080Watching for file changes with StatReloader
INFO 2023-10-22 20:21:34,794 autoreload 6128 17080C:\Users\tosya\Documents\Django\homework\hw2app\models.py changed, reloading.
INFO 2023-10-22 20:21:35,738 autoreload 10836 9968Watching for file changes with StatReloader
INFO 2023-10-22 20:21:41,567 autoreload 10836 9968C:\Users\tosya\Documents\Django\homework\hw2app\models.py changed, reloading.
INFO 2023-10-22 20:21:42,499 autoreload 10832 1676Watching for file changes with StatReloader
INFO 2023-10-22 20:21:45,213 autoreload 10832 1676C:\Users\tosya\Documents\Django\homework\hw2app\models.py changed, reloading.
INFO 2023-10-22 20:21:46,166 autoreload 13400 6120Watching for file changes with StatReloader
INFO 2023-10-22 20:21:48,255 basehttp 13400 9640"GET /admin/hw2app/order/ HTTP/1.1" 200 14812
INFO 2023-10-22 20:21:48,288 basehttp 13400 9640"GET /admin/jsi18n/ HTTP/1.1" 200 16066
INFO 2023-10-22 20:21:50,446 basehttp 13400 9640"GET /admin/hw2app/order/ HTTP/1.1" 200 14812
INFO 2023-10-22 20:21:50,486 basehttp 13400 9640"GET /admin/jsi18n/ HTTP/1.1" 200 16066
INFO 2023-10-22 20:22:01,631 autoreload 13400 6120C:\Users\tosya\Documents\Django\homework\hw2app\models.py changed, reloading.
INFO 2023-10-22 20:22:02,558 autoreload 10288 7468Watching for file changes with StatReloader
INFO 2023-10-22 20:22:09,408 autoreload 10288 7468C:\Users\tosya\Documents\Django\homework\hw2app\models.py changed, reloading.
INFO 2023-10-22 20:22:10,203 autoreload 10828 1988Watching for file changes with StatReloader
INFO 2023-10-22 20:22:12,599 autoreload 10828 1988C:\Users\tosya\Documents\Django\homework\hw2app\models.py changed, reloading.
INFO 2023-10-22 20:22:13,425 autoreload 15976 8988Watching for file changes with StatReloader
INFO 2023-10-22 20:22:15,845 autoreload 15976 8988C:\Users\tosya\Documents\Django\homework\hw2app\models.py changed, reloading.
INFO 2023-10-22 20:22:16,754 autoreload 9620 13496Watching for file changes with StatReloader
INFO 2023-10-22 20:22:28,442 autoreload 9620 13496C:\Users\tosya\Documents\Django\homework\hw2app\models.py changed, reloading.
INFO 2023-10-22 20:22:29,294 autoreload 7996 12868Watching for file changes with StatReloader
INFO 2023-10-22 20:22:43,036 autoreload 7996 12868C:\Users\tosya\Documents\Django\homework\hw2app\models.py changed, reloading.
INFO 2023-10-22 20:22:43,870 autoreload 10820 4572Watching for file changes with StatReloader
INFO 2023-10-22 20:22:45,238 autoreload 10820 4572C:\Users\tosya\Documents\Django\homework\hw2app\models.py changed, reloading.
INFO 2023-10-22 20:22:46,014 autoreload 2580 5668Watching for file changes with StatReloader
INFO 2023-10-22 20:22:51,559 autoreload 2580 5668C:\Users\tosya\Documents\Django\homework\hw2app\models.py changed, reloading.
INFO 2023-10-22 20:22:52,451 autoreload 3516 3620Watching for file changes with StatReloader
INFO 2023-10-22 20:22:56,844 basehttp 3516 14460"GET /admin/hw2app/order/ HTTP/1.1" 200 14812
INFO 2023-10-22 20:22:56,890 basehttp 3516 14460"GET /admin/jsi18n/ HTTP/1.1" 200 16066
INFO 2023-10-22 20:24:10,486 autoreload 3516 3620C:\Users\tosya\Documents\Django\homework\hw2app\admin.py changed, reloading.
INFO 2023-10-22 20:24:11,445 autoreload 15168 16780Watching for file changes with StatReloader
INFO 2023-10-22 20:24:16,420 basehttp 15168 10128"GET /admin/hw2app/order/ HTTP/1.1" 200 15116
INFO 2023-10-22 20:24:16,466 basehttp 15168 10128"GET /admin/jsi18n/ HTTP/1.1" 200 16066
INFO 2023-10-22 20:24:40,407 autoreload 15168 16780C:\Users\tosya\Documents\Django\homework\hw2app\admin.py changed, reloading.
INFO 2023-10-22 20:24:41,399 autoreload 8840 2780Watching for file changes with StatReloader
INFO 2023-10-22 20:24:44,020 autoreload 8840 2780C:\Users\tosya\Documents\Django\homework\hw2app\admin.py changed, reloading.
INFO 2023-10-22 20:24:45,005 autoreload 5480 11440Watching for file changes with StatReloader
INFO 2023-10-22 20:24:47,675 autoreload 5480 11440C:\Users\tosya\Documents\Django\homework\hw2app\admin.py changed, reloading.
INFO 2023-10-22 20:24:48,605 autoreload 16380 14872Watching for file changes with StatReloader
INFO 2023-10-22 20:24:51,292 autoreload 16380 14872C:\Users\tosya\Documents\Django\homework\hw2app\admin.py changed, reloading.
INFO 2023-10-22 20:24:52,148 autoreload 11884 15716Watching for file changes with StatReloader
ERROR 2023-10-22 20:24:56,046 log 11884 1204Internal Server Error: /admin/hw2app/order/
Traceback (most recent call last):
  File "C:\Users\tosya\Documents\Django\.venv\lib\site-packages\django\core\handlers\exception.py", line 55, in inner
    response = get_response(request)
  File "C:\Users\tosya\Documents\Django\.venv\lib\site-packages\django\core\handlers\base.py", line 197, in _get_response
    response = wrapped_callback(request, *callback_args, **callback_kwargs)
  File "C:\Users\tosya\Documents\Django\.venv\lib\site-packages\django\contrib\admin\options.py", line 688, in wrapper
    return self.admin_site.admin_view(view)(*args, **kwargs)
  File "C:\Users\tosya\Documents\Django\.venv\lib\site-packages\django\utils\decorators.py", line 134, in _wrapper_view
    response = view_func(request, *args, **kwargs)
  File "C:\Users\tosya\Documents\Django\.venv\lib\site-packages\django\views\decorators\cache.py", line 62, in _wrapper_view_func
    response = view_func(request, *args, **kwargs)
  File "C:\Users\tosya\Documents\Django\.venv\lib\site-packages\django\contrib\admin\sites.py", line 242, in inner
    return view(request, *args, **kwargs)
  File "C:\Users\tosya\Documents\Django\.venv\lib\site-packages\django\utils\decorators.py", line 46, in _wrapper
    return bound_method(*args, **kwargs)
  File "C:\Users\tosya\Documents\Django\.venv\lib\site-packages\django\utils\decorators.py", line 134, in _wrapper_view
    response = view_func(request, *args, **kwargs)
  File "C:\Users\tosya\Documents\Django\.venv\lib\site-packages\django\contrib\admin\options.py", line 1926, in changelist_view
    cl = self.get_changelist_instance(request)
  File "C:\Users\tosya\Documents\Django\.venv\lib\site-packages\django\contrib\admin\options.py", line 836, in get_changelist_instance
    return ChangeList(
  File "C:\Users\tosya\Documents\Django\.venv\lib\site-packages\django\contrib\admin\views\main.py", line 77, in __init__
    self.root_queryset = model_admin.get_queryset(request)
  File "C:\Users\tosya\Documents\Django\.venv\lib\site-packages\django\contrib\admin\options.py", line 421, in get_queryset
    qs = qs.order_by(*ordering)
  File "C:\Users\tosya\Documents\Django\.venv\lib\site-packages\django\db\models\query.py", line 1659, in order_by
    obj.query.add_ordering(*field_names)
  File "C:\Users\tosya\Documents\Django\.venv\lib\site-packages\django\db\models\sql\query.py", line 2221, in add_ordering
    self.names_to_path(item.split(LOOKUP_SEP), self.model._meta)
  File "C:\Users\tosya\Documents\Django\.venv\lib\site-packages\django\db\models\sql\query.py", line 1724, in names_to_path
    raise FieldError(
django.core.exceptions.FieldError: Cannot resolve keyword 'order' into field. Choices are: client, client_id, date_ordered, id, products
ERROR 2023-10-22 20:24:56,058 basehttp 11884 1204"GET /admin/hw2app/order/ HTTP/1.1" 500 128216
INFO 2023-10-22 20:25:07,574 autoreload 11884 15716C:\Users\tosya\Documents\Django\homework\hw2app\admin.py changed, reloading.
INFO 2023-10-22 20:25:08,433 autoreload 15980 3740Watching for file changes with StatReloader
INFO 2023-10-22 20:25:10,041 autoreload 15980 3740C:\Users\tosya\Documents\Django\homework\hw2app\admin.py changed, reloading.
INFO 2023-10-22 20:25:10,907 autoreload 13364 10148Watching for file changes with StatReloader
INFO 2023-10-22 20:25:23,345 basehttp 13364 5980"GET /admin/hw2app/order/ HTTP/1.1" 200 15116
INFO 2023-10-22 20:25:23,394 basehttp 13364 5980"GET /admin/jsi18n/ HTTP/1.1" 200 16066
INFO 2023-10-22 20:25:26,470 basehttp 13364 5980"GET /admin/hw2app/order/6/change/ HTTP/1.1" 200 13333
INFO 2023-10-22 20:25:26,511 basehttp 13364 5980"GET /admin/jsi18n/ HTTP/1.1" 200 16066
INFO 2023-10-22 20:25:53,399 autoreload 13364 10148C:\Users\tosya\Documents\Django\homework\hw2app\admin.py changed, reloading.
INFO 2023-10-22 20:25:54,342 autoreload 9224 3008Watching for file changes with StatReloader
INFO 2023-10-22 20:25:59,214 autoreload 9224 3008C:\Users\tosya\Documents\Django\homework\hw2app\admin.py changed, reloading.
INFO 2023-10-22 20:26:00,118 autoreload 12420 16956Watching for file changes with StatReloader
INFO 2023-10-22 20:26:01,562 autoreload 12420 16956C:\Users\tosya\Documents\Django\homework\hw2app\admin.py changed, reloading.
INFO 2023-10-22 20:26:02,384 autoreload 8316 10152Watching for file changes with StatReloader
INFO 2023-10-22 20:26:07,153 autoreload 8316 10152C:\Users\tosya\Documents\Django\homework\hw2app\admin.py changed, reloading.
INFO 2023-10-22 20:26:08,120 autoreload 10040 4480Watching for file changes with StatReloader
INFO 2023-10-22 20:26:10,555 autoreload 10040 4480C:\Users\tosya\Documents\Django\homework\hw2app\admin.py changed, reloading.
INFO 2023-10-22 20:26:11,506 autoreload 7952 9276Watching for file changes with StatReloader
INFO 2023-10-22 20:26:12,924 autoreload 7952 9276C:\Users\tosya\Documents\Django\homework\hw2app\admin.py changed, reloading.
INFO 2023-10-22 20:26:13,861 autoreload 10808 6672Watching for file changes with StatReloader
INFO 2023-10-22 20:26:15,253 autoreload 10808 6672C:\Users\tosya\Documents\Django\homework\hw2app\admin.py changed, reloading.
INFO 2023-10-22 20:26:16,187 autoreload 15536 10304Watching for file changes with StatReloader
INFO 2023-10-22 20:26:17,621 autoreload 15536 10304C:\Users\tosya\Documents\Django\homework\hw2app\admin.py changed, reloading.
INFO 2023-10-22 20:26:18,500 autoreload 8648 10504Watching for file changes with StatReloader
INFO 2023-10-22 20:26:22,021 autoreload 8648 10504C:\Users\tosya\Documents\Django\homework\hw2app\admin.py changed, reloading.
INFO 2023-10-22 20:26:22,852 autoreload 16636 13700Watching for file changes with StatReloader
ERROR 2023-10-22 20:26:29,907 log 16636 10260Internal Server Error: /admin/hw2app/order/6/change/
Traceback (most recent call last):
  File "C:\Users\tosya\Documents\Django\.venv\lib\site-packages\django\contrib\admin\options.py", line 809, in get_form
    return modelform_factory(self.model, **defaults)
  File "C:\Users\tosya\Documents\Django\.venv\lib\site-packages\django\forms\models.py", line 642, in modelform_factory
    return type(form)(class_name, (form,), form_class_attrs)
  File "C:\Users\tosya\Documents\Django\.venv\lib\site-packages\django\forms\models.py", line 321, in __new__
    raise FieldError(message)
django.core.exceptions.FieldError: Unknown field(s) (order__total_price) specified for Order

During handling of the above exception, another exception occurred:

Traceback (most recent call last):
  File "C:\Users\tosya\Documents\Django\.venv\lib\site-packages\django\core\handlers\exception.py", line 55, in inner
    response = get_response(request)
  File "C:\Users\tosya\Documents\Django\.venv\lib\site-packages\django\core\handlers\base.py", line 197, in _get_response
    response = wrapped_callback(request, *callback_args, **callback_kwargs)
  File "C:\Users\tosya\Documents\Django\.venv\lib\site-packages\django\contrib\admin\options.py", line 688, in wrapper
    return self.admin_site.admin_view(view)(*args, **kwargs)
  File "C:\Users\tosya\Documents\Django\.venv\lib\site-packages\django\utils\decorators.py", line 134, in _wrapper_view
    response = view_func(request, *args, **kwargs)
  File "C:\Users\tosya\Documents\Django\.venv\lib\site-packages\django\views\decorators\cache.py", line 62, in _wrapper_view_func
    response = view_func(request, *args, **kwargs)
  File "C:\Users\tosya\Documents\Django\.venv\lib\site-packages\django\contrib\admin\sites.py", line 242, in inner
    return view(request, *args, **kwargs)
  File "C:\Users\tosya\Documents\Django\.venv\lib\site-packages\django\contrib\admin\options.py", line 1889, in change_view
    return self.changeform_view(request, object_id, form_url, extra_context)
  File "C:\Users\tosya\Documents\Django\.venv\lib\site-packages\django\utils\decorators.py", line 46, in _wrapper
    return bound_method(*args, **kwargs)
  File "C:\Users\tosya\Documents\Django\.venv\lib\site-packages\django\utils\decorators.py", line 134, in _wrapper_view
    response = view_func(request, *args, **kwargs)
  File "C:\Users\tosya\Documents\Django\.venv\lib\site-packages\django\contrib\admin\options.py", line 1747, in changeform_view
    return self._changeform_view(request, object_id, form_url, extra_context)
  File "C:\Users\tosya\Documents\Django\.venv\lib\site-packages\django\contrib\admin\options.py", line 1782, in _changeform_view
    ModelForm = self.get_form(
  File "C:\Users\tosya\Documents\Django\.venv\lib\site-packages\django\contrib\admin\options.py", line 811, in get_form
    raise FieldError(
django.core.exceptions.FieldError: Unknown field(s) (order__total_price) specified for Order. Check fields/fieldsets/exclude attributes of class OrderAdmin.
ERROR 2023-10-22 20:26:29,913 basehttp 16636 10260"GET /admin/hw2app/order/6/change/ HTTP/1.1" 500 132086
INFO 2023-10-22 20:26:40,339 autoreload 16636 13700C:\Users\tosya\Documents\Django\homework\hw2app\admin.py changed, reloading.
INFO 2023-10-22 20:26:41,399 autoreload 1276 3024Watching for file changes with StatReloader
INFO 2023-10-22 20:26:44,888 basehttp 1276 7592"GET /admin/hw2app/order/6/ HTTP/1.1" 302 0
ERROR 2023-10-22 20:26:44,982 log 1276 7592Internal Server Error: /admin/hw2app/order/6/change/
Traceback (most recent call last):
  File "C:\Users\tosya\Documents\Django\.venv\lib\site-packages\django\contrib\admin\options.py", line 809, in get_form
    return modelform_factory(self.model, **defaults)
  File "C:\Users\tosya\Documents\Django\.venv\lib\site-packages\django\forms\models.py", line 642, in modelform_factory
    return type(form)(class_name, (form,), form_class_attrs)
  File "C:\Users\tosya\Documents\Django\.venv\lib\site-packages\django\forms\models.py", line 321, in __new__
    raise FieldError(message)
django.core.exceptions.FieldError: Unknown field(s) (total_price) specified for Order

During handling of the above exception, another exception occurred:

Traceback (most recent call last):
  File "C:\Users\tosya\Documents\Django\.venv\lib\site-packages\django\core\handlers\exception.py", line 55, in inner
    response = get_response(request)
  File "C:\Users\tosya\Documents\Django\.venv\lib\site-packages\django\core\handlers\base.py", line 197, in _get_response
    response = wrapped_callback(request, *callback_args, **callback_kwargs)
  File "C:\Users\tosya\Documents\Django\.venv\lib\site-packages\django\contrib\admin\options.py", line 688, in wrapper
    return self.admin_site.admin_view(view)(*args, **kwargs)
  File "C:\Users\tosya\Documents\Django\.venv\lib\site-packages\django\utils\decorators.py", line 134, in _wrapper_view
    response = view_func(request, *args, **kwargs)
  File "C:\Users\tosya\Documents\Django\.venv\lib\site-packages\django\views\decorators\cache.py", line 62, in _wrapper_view_func
    response = view_func(request, *args, **kwargs)
  File "C:\Users\tosya\Documents\Django\.venv\lib\site-packages\django\contrib\admin\sites.py", line 242, in inner
    return view(request, *args, **kwargs)
  File "C:\Users\tosya\Documents\Django\.venv\lib\site-packages\django\contrib\admin\options.py", line 1889, in change_view
    return self.changeform_view(request, object_id, form_url, extra_context)
  File "C:\Users\tosya\Documents\Django\.venv\lib\site-packages\django\utils\decorators.py", line 46, in _wrapper
    return bound_method(*args, **kwargs)
  File "C:\Users\tosya\Documents\Django\.venv\lib\site-packages\django\utils\decorators.py", line 134, in _wrapper_view
    response = view_func(request, *args, **kwargs)
  File "C:\Users\tosya\Documents\Django\.venv\lib\site-packages\django\contrib\admin\options.py", line 1747, in changeform_view
    return self._changeform_view(request, object_id, form_url, extra_context)
  File "C:\Users\tosya\Documents\Django\.venv\lib\site-packages\django\contrib\admin\options.py", line 1782, in _changeform_view
    ModelForm = self.get_form(
  File "C:\Users\tosya\Documents\Django\.venv\lib\site-packages\django\contrib\admin\options.py", line 811, in get_form
    raise FieldError(
django.core.exceptions.FieldError: Unknown field(s) (total_price) specified for Order. Check fields/fieldsets/exclude attributes of class OrderAdmin.
ERROR 2023-10-22 20:26:44,990 basehttp 1276 7592"GET /admin/hw2app/order/6/change/ HTTP/1.1" 500 131830
INFO 2023-10-22 20:28:34,689 autoreload 1276 3024C:\Users\tosya\Documents\Django\homework\hw2app\admin.py changed, reloading.
INFO 2023-10-22 20:28:35,704 autoreload 15152 17192Watching for file changes with StatReloader
INFO 2023-10-22 20:28:37,899 basehttp 15152 5472"GET /admin/hw2app/order/6/change/ HTTP/1.1" 200 13333
INFO 2023-10-22 20:28:37,957 basehttp 15152 5472"GET /admin/jsi18n/ HTTP/1.1" 200 16066
INFO 2023-10-22 20:28:47,624 basehttp 15152 5472"GET /admin/hw2app/order/6/change/ HTTP/1.1" 200 13333
INFO 2023-10-22 20:29:00,675 basehttp 15152 5472"GET /admin/hw2app/order/ HTTP/1.1" 200 15116
INFO 2023-10-22 20:29:10,853 basehttp 15152 5472"GET / HTTP/1.1" 200 588
INFO 2023-10-22 20:29:13,772 basehttp 15152 5472"GET /clients/ HTTP/1.1" 200 931
INFO 2023-10-22 20:29:15,220 basehttp 15152 5472"GET /clients/1/ HTTP/1.1" 200 1325
INFO 2023-10-22 20:29:17,072 basehttp 15152 5472"GET /clients/1/orders/ HTTP/1.1" 200 1523
INFO 2023-10-22 20:29:19,409 basehttp 15152 5472"GET /clients/1/orders/ HTTP/1.1" 200 1523
INFO 2023-10-22 20:29:22,902 basehttp 15152 5472"GET /clients/1/products/week/ HTTP/1.1" 200 1282
INFO 2023-10-22 20:29:25,679 basehttp 15152 5472"GET /products/14 HTTP/1.1" 200 1145
INFO 2023-10-22 20:29:29,467 basehttp 15152 5472"GET /clients/ HTTP/1.1" 200 931
INFO 2023-10-22 20:29:31,384 basehttp 15152 5472"GET /clients/2/ HTTP/1.1" 200 1325
INFO 2023-10-22 20:29:32,783 basehttp 15152 5472"GET /clients/2/products/month/ HTTP/1.1" 200 1283
INFO 2023-10-22 20:29:35,900 basehttp 15152 5472"GET /clients/2/products/week/ HTTP/1.1" 200 1282
INFO 2023-10-22 20:29:39,443 basehttp 15152 5472"GET /products/ HTTP/1.1" 200 1649
INFO 2023-10-22 20:29:41,207 basehttp 15152 5472"GET /products/1 HTTP/1.1" 200 1139
INFO 2023-10-22 20:29:43,156 basehttp 15152 5472"GET /products/1/upload_image/ HTTP/1.1" 200 1033
INFO 2023-10-22 20:29:50,032 basehttp 15152 5472"POST /products/1/upload_image/ HTTP/1.1" 200 1025
INFO 2023-10-22 20:29:53,469 basehttp 15152 5472"GET /products/ HTTP/1.1" 200 1649
INFO 2023-10-22 20:29:55,867 basehttp 15152 5472"GET /products/1 HTTP/1.1" 200 1239
INFO 2023-10-22 20:29:56,002 basehttp 15152 5472"GET /media/shoes_iIOBMku.png HTTP/1.1" 200 258342
INFO 2023-10-22 20:29:59,308 basehttp 15152 5472"GET /products/1/edit/ HTTP/1.1" 200 1598
INFO 2023-10-22 20:30:08,146 basehttp 15152 5472"POST /products/1/edit/ HTTP/1.1" 200 1601
INFO 2023-10-22 20:30:17,427 basehttp 15152 5472"GET /products/ HTTP/1.1" 200 1649
INFO 2023-10-22 20:30:18,827 basehttp 15152 5472"GET /products/1 HTTP/1.1" 200 1239
INFO 2023-10-22 20:30:18,852 basehttp 15152 5472"GET /media/shoes_iIOBMku.png HTTP/1.1" 304 0
INFO 2023-10-22 20:30:35,543 basehttp 15152 5472"GET /admin/ HTTP/1.1" 200 7837
INFO 2023-10-22 20:30:44,159 basehttp 15152 5472"GET /admin/hw2app/product/ HTTP/1.1" 200 18205
INFO 2023-10-22 20:30:44,207 basehttp 15152 5472"GET /admin/jsi18n/ HTTP/1.1" 200 16066
INFO 2023-10-22 20:30:44,224 basehttp 15152 5472"GET /media/shoes_iIOBMku.png HTTP/1.1" 304 0
INFO 2023-10-22 20:31:43,133 autoreload 15152 17192C:\Users\tosya\Documents\Django\homework\hw2app\models.py changed, reloading.
INFO 2023-10-22 20:31:44,319 autoreload 5348 6268Watching for file changes with StatReloader
INFO 2023-10-22 20:31:45,986 autoreload 5348 6268C:\Users\tosya\Documents\Django\homework\hw2app\models.py changed, reloading.
INFO 2023-10-22 20:31:46,837 autoreload 16668 14196Watching for file changes with StatReloader
INFO 2023-10-22 21:04:58,283 autoreload 8316 2040Watching for file changes with StatReloader
